<?xml version="1.0" encoding="UTF-8"?>
<!-- Generated by org.testng.reporters.JUnitXMLReporter -->
<testsuite hostname="DESKTOP-I838HQ9" ignored="1" name="Default test(failed)" tests="1" failures="1" timestamp="2020-06-18T11:31:33 IST" time="15.89" errors="0">
  <testcase name="tc_01" time="15.847" classname="com.testyantra.scripts.TestCasesForRerun">
    <failure type="java.lang.AssertionError" message="expected [acti] but found [actiTIME - Login]">
      <![CDATA[java.lang.AssertionError: expected [acti] but found [actiTIME - Login]
at com.testyantra.scripts.TestCasesForRerun.tc_01(TestCasesForRerun.java:24)
at java.util.ArrayList.forEach(ArrayList.java:1257)
... Removed 32 stack frames]]>
    </failure>
  </testcase> <!-- tc_01 -->
  <testcase name="tc_02" time="0.0" classname="com.testyantra.scripts.TestCasesForRerun">
    <ignored/>
  </testcase> <!-- tc_02 -->
</testsuite> <!-- Default test(failed) -->
