<?xml version="1.0" encoding="UTF-8"?>
<!-- Generated by org.testng.reporters.JUnitXMLReporter -->
<testsuite hostname="DESKTOP-I838HQ9" ignored="2" name="Test" tests="2" failures="0" timestamp="2020-06-12T12:13:33 IST" time="0.067" errors="0">
  <testcase name="tc_01" time="0.007" classname="com.testyantra.scripts.AnnotationsDemo1"/>
  <testcase name="tc_02" time="0.001" classname="com.testyantra.scripts.AnnotationsDemo2"/>
  <testcase name="@AfterTest afterTest" time="0.0" classname="com.testyantra.scripts.AnnotationsDemo3">
    <ignored/>
  </testcase> <!-- @AfterTest afterTest -->
  <testcase name="@BeforeTest beforeTest" time="0.0" classname="com.testyantra.scripts.AnnotationsDemo3">
    <ignored/>
  </testcase> <!-- @BeforeTest beforeTest -->
</testsuite> <!-- Test -->
