<?xml version="1.0" encoding="UTF-8"?>
<!-- Generated by org.testng.reporters.JUnitXMLReporter -->
<testsuite hostname="DESKTOP-I838HQ9" ignored="1" name="Default test(failed)(failed)" tests="1" failures="0" timestamp="2020-06-18T11:27:36 IST" time="21.652" errors="0">
  <testcase name="tc_02" time="21.606" classname="com.testyantra.scripts.TestCasesForRerun"/>
  <testcase name="tc_01" time="0.0" classname="com.testyantra.scripts.TestCasesForRerun">
    <ignored/>
  </testcase> <!-- tc_01 -->
</testsuite> <!-- Default test(failed)(failed) -->
