<?xml version="1.0" encoding="UTF-8"?>
<testng-results skipped="0" failed="0" ignored="0" total="2" passed="2">
  <reporter-output>
  </reporter-output>
  <suite name="Suite" duration-ms="82" started-at="2020-06-12T12:34:48 IST" finished-at="2020-06-12T12:34:48 IST">
    <groups>
    </groups>
    <test name="Test1" duration-ms="42" started-at="2020-06-12T12:34:48 IST" finished-at="2020-06-12T12:34:48 IST">
      <class name="com.testyantra.scripts.AnnotationsDemo1">
        <test-method status="PASS" signature="beforeTest()[pri:0, instance:com.testyantra.scripts.AnnotationsDemo1@5d76b067]" name="beforeTest" is-config="true" duration-ms="0" started-at="2020-06-12T12:34:48 IST" finished-at="2020-06-12T12:34:48 IST">
          <reporter-output>
          </reporter-output>
        </test-method> <!-- beforeTest -->
        <test-method status="PASS" signature="beforeClass()[pri:0, instance:com.testyantra.scripts.AnnotationsDemo1@5d76b067]" name="beforeClass" is-config="true" duration-ms="0" started-at="2020-06-12T12:34:48 IST" finished-at="2020-06-12T12:34:48 IST">
          <reporter-output>
          </reporter-output>
        </test-method> <!-- beforeClass -->
        <test-method status="PASS" signature="beforeMethod()[pri:0, instance:com.testyantra.scripts.AnnotationsDemo1@5d76b067]" name="beforeMethod" is-config="true" duration-ms="0" started-at="2020-06-12T12:34:48 IST" finished-at="2020-06-12T12:34:48 IST">
          <reporter-output>
          </reporter-output>
        </test-method> <!-- beforeMethod -->
        <test-method status="PASS" signature="tc_01()[pri:0, instance:com.testyantra.scripts.AnnotationsDemo1@5d76b067]" name="tc_01" duration-ms="7" started-at="2020-06-12T12:34:48 IST" finished-at="2020-06-12T12:34:48 IST">
          <reporter-output>
          </reporter-output>
        </test-method> <!-- tc_01 -->
        <test-method status="PASS" signature="afterMethod()[pri:0, instance:com.testyantra.scripts.AnnotationsDemo1@5d76b067]" name="afterMethod" is-config="true" duration-ms="1" started-at="2020-06-12T12:34:48 IST" finished-at="2020-06-12T12:34:48 IST">
          <reporter-output>
          </reporter-output>
        </test-method> <!-- afterMethod -->
        <test-method status="PASS" signature="afterClass()[pri:0, instance:com.testyantra.scripts.AnnotationsDemo1@5d76b067]" name="afterClass" is-config="true" duration-ms="1" started-at="2020-06-12T12:34:48 IST" finished-at="2020-06-12T12:34:48 IST">
          <reporter-output>
          </reporter-output>
        </test-method> <!-- afterClass -->
        <test-method status="PASS" signature="afterTest()[pri:0, instance:com.testyantra.scripts.AnnotationsDemo1@5d76b067]" name="afterTest" is-config="true" duration-ms="0" started-at="2020-06-12T12:34:48 IST" finished-at="2020-06-12T12:34:48 IST">
          <reporter-output>
          </reporter-output>
        </test-method> <!-- afterTest -->
      </class> <!-- com.testyantra.scripts.AnnotationsDemo1 -->
    </test> <!-- Test1 -->
    <test name="Test2" duration-ms="6" started-at="2020-06-12T12:34:48 IST" finished-at="2020-06-12T12:34:48 IST">
      <class name="com.testyantra.scripts.AnnotationsDemo2">
        <test-method status="PASS" signature="beforeSuite()[pri:0, instance:com.testyantra.scripts.AnnotationsDemo2@17579e0f]" name="beforeSuite" is-config="true" duration-ms="7" started-at="2020-06-12T12:34:48 IST" finished-at="2020-06-12T12:34:48 IST">
          <reporter-output>
          </reporter-output>
        </test-method> <!-- beforeSuite -->
        <test-method status="PASS" signature="beforeTest()[pri:0, instance:com.testyantra.scripts.AnnotationsDemo2@17579e0f]" name="beforeTest" is-config="true" duration-ms="1" started-at="2020-06-12T12:34:48 IST" finished-at="2020-06-12T12:34:48 IST">
          <reporter-output>
          </reporter-output>
        </test-method> <!-- beforeTest -->
        <test-method status="PASS" signature="beforeClass()[pri:0, instance:com.testyantra.scripts.AnnotationsDemo2@17579e0f]" name="beforeClass" is-config="true" duration-ms="1" started-at="2020-06-12T12:34:48 IST" finished-at="2020-06-12T12:34:48 IST">
          <reporter-output>
          </reporter-output>
        </test-method> <!-- beforeClass -->
        <test-method status="PASS" signature="tc_02()[pri:0, instance:com.testyantra.scripts.AnnotationsDemo2@17579e0f]" name="tc_02" duration-ms="1" started-at="2020-06-12T12:34:48 IST" finished-at="2020-06-12T12:34:48 IST">
          <reporter-output>
          </reporter-output>
        </test-method> <!-- tc_02 -->
        <test-method status="PASS" signature="afterTest()[pri:0, instance:com.testyantra.scripts.AnnotationsDemo2@17579e0f]" name="afterTest" is-config="true" duration-ms="1" started-at="2020-06-12T12:34:48 IST" finished-at="2020-06-12T12:34:48 IST">
          <reporter-output>
          </reporter-output>
        </test-method> <!-- afterTest -->
        <test-method status="PASS" signature="afterClass()[pri:0, instance:com.testyantra.scripts.AnnotationsDemo2@17579e0f]" name="afterClass" is-config="true" duration-ms="0" started-at="2020-06-12T12:34:48 IST" finished-at="2020-06-12T12:34:48 IST">
          <reporter-output>
          </reporter-output>
        </test-method> <!-- afterClass -->
        <test-method status="PASS" signature="afterSuite()[pri:0, instance:com.testyantra.scripts.AnnotationsDemo2@17579e0f]" name="afterSuite" is-config="true" duration-ms="0" started-at="2020-06-12T12:34:48 IST" finished-at="2020-06-12T12:34:48 IST">
          <reporter-output>
          </reporter-output>
        </test-method> <!-- afterSuite -->
      </class> <!-- com.testyantra.scripts.AnnotationsDemo2 -->
    </test> <!-- Test2 -->
  </suite> <!-- Suite -->
</testng-results>
