<?xml version="1.0" encoding="UTF-8"?>
<testng-results skipped="0" failed="0" ignored="0" total="1" passed="1">
  <reporter-output>
  </reporter-output>
  <suite name="Default suite" duration-ms="48875" started-at="2020-06-18T13:32:38 IST" finished-at="2020-06-18T13:33:27 IST">
    <groups>
    </groups>
    <test name="Default test" duration-ms="48875" started-at="2020-06-18T13:32:38 IST" finished-at="2020-06-18T13:33:27 IST">
      <class name="com.testyantra.scripts.UrbanLadderMenuItems">
        <test-method status="PASS" signature="tc_verifyMenuItems()[pri:0, instance:com.testyantra.scripts.UrbanLadderMenuItems@30b8a058]" name="tc_verifyMenuItems" duration-ms="48838" started-at="2020-06-18T13:32:38 IST" finished-at="2020-06-18T13:33:27 IST">
          <reporter-output>
          </reporter-output>
        </test-method> <!-- tc_verifyMenuItems -->
      </class> <!-- com.testyantra.scripts.UrbanLadderMenuItems -->
    </test> <!-- Default test -->
  </suite> <!-- Default suite -->
</testng-results>
